2023-04-21 09:32:18,318 [Worker-2: Loading available Gradle versions] INFO  o.e.b.c.i.u.g.PublishedGradleVersions - Gradle version information cache is up-to-date. Trying to read.
2023-04-24 03:56:00,794 [Worker-1: Loading available Gradle versions] INFO  o.e.b.c.i.u.g.PublishedGradleVersions - Gradle version information cache is out-of-date. Trying to update.
2023-04-24 09:09:17,253 [Worker-2: Loading available Gradle versions] INFO  o.e.b.c.i.u.g.PublishedGradleVersions - Gradle version information cache is up-to-date. Trying to read.
2023-04-25 09:30:17,924 [Worker-5: Loading available Gradle versions] INFO  o.e.b.c.i.u.g.PublishedGradleVersions - Gradle version information cache is out-of-date. Trying to update.
2023-04-26 06:39:53,392 [Worker-2: Loading available Gradle versions] INFO  o.e.b.c.i.u.g.PublishedGradleVersions - Gradle version information cache is up-to-date. Trying to read.
2023-04-27 04:44:27,199 [Worker-2: Loading available Gradle versions] INFO  o.e.b.c.i.u.g.PublishedGradleVersions - Gradle version information cache is up-to-date. Trying to read.
2023-04-27 09:09:11,714 [Worker-1: Loading available Gradle versions] INFO  o.e.b.c.i.u.g.PublishedGradleVersions - Gradle version information cache is up-to-date. Trying to read.
2023-04-28 09:19:10,733 [Worker-3: Loading available Gradle versions] INFO  o.e.b.c.i.u.g.PublishedGradleVersions - Gradle version information cache is out-of-date. Trying to update.
2023-05-02 09:34:55,866 [Worker-2: Loading available Gradle versions] INFO  o.e.b.c.i.u.g.PublishedGradleVersions - Gradle version information cache is out-of-date. Trying to update.
2023-05-03 04:55:46,423 [Worker-2: Loading available Gradle versions] INFO  o.e.b.c.i.u.g.PublishedGradleVersions - Gradle version information cache is up-to-date. Trying to read.
2023-05-04 09:10:35,500 [Worker-2: Loading available Gradle versions] INFO  o.e.b.c.i.u.g.PublishedGradleVersions - Gradle version information cache is out-of-date. Trying to update.
2023-05-05 06:51:20,169 [Worker-1: Loading available Gradle versions] INFO  o.e.b.c.i.u.g.PublishedGradleVersions - Gradle version information cache is up-to-date. Trying to read.
2023-05-08 05:33:28,707 [Worker-3: Loading available Gradle versions] INFO  o.e.b.c.i.u.g.PublishedGradleVersions - Gradle version information cache is out-of-date. Trying to update.
2023-05-09 06:44:18,343 [Worker-1: Loading available Gradle versions] INFO  o.e.b.c.i.u.g.PublishedGradleVersions - Gradle version information cache is out-of-date. Trying to update.
2023-05-11 11:10:44,403 [Worker-3: Loading available Gradle versions] INFO  o.e.b.c.i.u.g.PublishedGradleVersions - Gradle version information cache is out-of-date. Trying to update.
2023-05-22 09:57:00,671 [Worker-8: Loading available Gradle versions] INFO  o.e.b.c.i.u.g.PublishedGradleVersions - Gradle version information cache is out-of-date. Trying to update.
2023-05-22 10:37:32,228 [Worker-26: Creating maven-archetype-quickstart] INFO  o.e.m.c.i.p.ProjectConfigurationManager - Collecting project info '/pom.xml' I:\Training\Wiley\resources\java_concepts\jdbcapp\pom.xml
2023-05-22 10:37:43,499 [Worker-26: Creating maven-archetype-quickstart] INFO  o.e.m.c.i.l.LifecycleMappingFactory - Using org.eclipse.m2e.jdt.JarLifecycleMapping lifecycle mapping for MavenProject: com.wiley:jdbcapp:0.0.1-SNAPSHOT @ I:\Training\Wiley\resources\java_concepts\jdbcapp\pom.xml.
2023-05-22 10:37:47,887 [Worker-26: Creating maven-archetype-quickstart] INFO  o.e.m.j.i.AbstractJavaProjectConfigurator - Adding source folder /jdbcapp/src/main/java
2023-05-22 10:37:47,920 [Worker-26: Creating maven-archetype-quickstart] INFO  o.e.m.j.i.AbstractJavaProjectConfigurator - Adding source folder /jdbcapp/src/test/java
2023-05-22 10:37:48,222 [Worker-26: Creating maven-archetype-quickstart] INFO  o.e.m.c.i.p.ProjectConfigurationManager - Imported and configured 1 project(s) in 15 sec
2023-05-22 10:37:51,620 [Worker-29: Building] INFO  o.e.m.c.i.embedder.EclipseLogger - Using 'UTF-8' encoding to copy filtered resources.
2023-05-22 10:37:51,621 [Worker-29: Building] INFO  o.e.m.c.i.embedder.EclipseLogger - skip non existing resourceDirectory I:\Training\Wiley\resources\java_concepts\jdbcapp\src\main\resources
2023-05-22 10:37:51,626 [Worker-29: Building] INFO  o.e.m.c.i.embedder.EclipseLogger - Using 'UTF-8' encoding to copy filtered resources.
2023-05-22 10:37:51,626 [Worker-29: Building] INFO  o.e.m.c.i.embedder.EclipseLogger - skip non existing resourceDirectory I:\Training\Wiley\resources\java_concepts\jdbcapp\src\test\resources
2023-05-22 10:41:37,014 [Worker-33: Building] INFO  o.e.m.c.i.embedder.EclipseLogger - Using 'UTF-8' encoding to copy filtered resources.
2023-05-22 10:41:37,015 [Worker-33: Building] INFO  o.e.m.c.i.embedder.EclipseLogger - skip non existing resourceDirectory I:\Training\Wiley\resources\java_concepts\jdbcapp\src\main\resources
2023-05-22 10:41:37,017 [Worker-33: Building] INFO  o.e.m.c.i.embedder.EclipseLogger - Using 'UTF-8' encoding to copy filtered resources.
2023-05-22 10:41:37,017 [Worker-33: Building] INFO  o.e.m.c.i.embedder.EclipseLogger - skip non existing resourceDirectory I:\Training\Wiley\resources\java_concepts\jdbcapp\src\test\resources
2023-05-22 11:19:10,264 [Worker-41: Building] INFO  o.e.m.c.i.l.LifecycleMappingFactory - Using org.eclipse.m2e.jdt.JarLifecycleMapping lifecycle mapping for MavenProject: com.wiley:jdbcapp:0.0.1-SNAPSHOT @ I:\Training\Wiley\resources\java_concepts\jdbcapp\pom.xml.
2023-05-22 11:19:10,693 [Worker-41: Building] INFO  o.e.m.c.i.embedder.EclipseLogger - Using 'UTF-8' encoding to copy filtered resources.
2023-05-22 11:19:10,693 [Worker-41: Building] INFO  o.e.m.c.i.embedder.EclipseLogger - skip non existing resourceDirectory I:\Training\Wiley\resources\java_concepts\jdbcapp\src\main\resources
2023-05-22 11:19:10,696 [Worker-41: Building] INFO  o.e.m.c.i.embedder.EclipseLogger - Using 'UTF-8' encoding to copy filtered resources.
2023-05-22 11:19:10,696 [Worker-41: Building] INFO  o.e.m.c.i.embedder.EclipseLogger - skip non existing resourceDirectory I:\Training\Wiley\resources\java_concepts\jdbcapp\src\test\resources
2023-05-22 11:19:11,851 [Worker-44: Building] INFO  o.e.m.c.i.embedder.EclipseLogger - Using 'UTF-8' encoding to copy filtered resources.
2023-05-22 11:19:11,852 [Worker-44: Building] INFO  o.e.m.c.i.embedder.EclipseLogger - skip non existing resourceDirectory I:\Training\Wiley\resources\java_concepts\jdbcapp\src\main\resources
2023-05-22 11:19:11,854 [Worker-44: Building] INFO  o.e.m.c.i.embedder.EclipseLogger - Using 'UTF-8' encoding to copy filtered resources.
2023-05-22 11:19:11,854 [Worker-44: Building] INFO  o.e.m.c.i.embedder.EclipseLogger - skip non existing resourceDirectory I:\Training\Wiley\resources\java_concepts\jdbcapp\src\test\resources
2023-05-22 11:19:12,948 [Worker-42: Download sources and javadoc] INFO  o.e.m.c.i.e.AbstractTransferListenerAdapter - Downloading https://repo.maven.apache.org/maven2/com/mysql/mysql-connector-j/8.0.33/mysql-connector-j-8.0.33-sources.jar
2023-05-22 11:19:15,551 [Worker-42: Download sources and javadoc] INFO  o.e.m.c.i.e.AbstractTransferListenerAdapter - Downloaded https://repo.maven.apache.org/maven2/com/mysql/mysql-connector-j/8.0.33/mysql-connector-j-8.0.33-sources.jar
2023-05-22 11:19:15,557 [Worker-42: Download sources and javadoc] INFO  o.e.m.j.internal.DownloadSourcesJob - Downloaded sources for com.mysql:mysql-connector-j:8.0.33
2023-05-22 11:19:15,706 [Worker-42: Download sources and javadoc] INFO  o.e.m.c.i.e.AbstractTransferListenerAdapter - Downloading https://repo.maven.apache.org/maven2/com/google/protobuf/protobuf-java/3.21.9/protobuf-java-3.21.9-sources.jar
2023-05-22 11:19:15,989 [Worker-42: Download sources and javadoc] INFO  o.e.m.c.i.e.AbstractTransferListenerAdapter - Downloaded https://repo.maven.apache.org/maven2/com/google/protobuf/protobuf-java/3.21.9/protobuf-java-3.21.9-sources.jar
2023-05-22 11:19:15,993 [Worker-42: Download sources and javadoc] INFO  o.e.m.j.internal.DownloadSourcesJob - Downloaded sources for com.google.protobuf:protobuf-java:3.21.9
2023-05-22 11:19:16,212 [Worker-44: Building] INFO  o.e.m.c.i.embedder.EclipseLogger - Using 'UTF-8' encoding to copy filtered resources.
2023-05-22 11:19:16,212 [Worker-44: Building] INFO  o.e.m.c.i.embedder.EclipseLogger - skip non existing resourceDirectory I:\Training\Wiley\resources\java_concepts\jdbcapp\src\main\resources
2023-05-22 11:19:16,216 [Worker-44: Building] INFO  o.e.m.c.i.embedder.EclipseLogger - Using 'UTF-8' encoding to copy filtered resources.
2023-05-22 11:19:16,217 [Worker-44: Building] INFO  o.e.m.c.i.embedder.EclipseLogger - skip non existing resourceDirectory I:\Training\Wiley\resources\java_concepts\jdbcapp\src\test\resources
2023-05-22 11:19:43,752 [Worker-42: Building] INFO  o.e.m.c.i.l.LifecycleMappingFactory - Using org.eclipse.m2e.jdt.JarLifecycleMapping lifecycle mapping for MavenProject: com.wiley:jdbcapp:0.0.1-SNAPSHOT @ I:\Training\Wiley\resources\java_concepts\jdbcapp\pom.xml.
2023-05-22 11:19:43,928 [Worker-42: Building] INFO  o.e.m.c.i.e.AbstractTransferListenerAdapter - Downloading https://repo.maven.apache.org/maven2/com/mysql/mysql-connector-j/8.0.31/mysql-connector-j-8.0.31.pom
2023-05-22 11:19:44,072 [Worker-42: Building] INFO  o.e.m.c.i.e.AbstractTransferListenerAdapter - Downloaded https://repo.maven.apache.org/maven2/com/mysql/mysql-connector-j/8.0.31/mysql-connector-j-8.0.31.pom
2023-05-22 11:19:44,107 [Worker-42: Building] INFO  o.e.m.c.i.e.AbstractTransferListenerAdapter - Downloading https://repo.maven.apache.org/maven2/com/google/protobuf/protobuf-java/3.19.4/protobuf-java-3.19.4.pom
2023-05-22 11:19:44,180 [Worker-42: Building] INFO  o.e.m.c.i.e.AbstractTransferListenerAdapter - Downloaded https://repo.maven.apache.org/maven2/com/google/protobuf/protobuf-java/3.19.4/protobuf-java-3.19.4.pom
2023-05-22 11:19:44,230 [Worker-42: Building] INFO  o.e.m.c.i.e.AbstractTransferListenerAdapter - Downloading https://repo.maven.apache.org/maven2/com/google/protobuf/protobuf-parent/3.19.4/protobuf-parent-3.19.4.pom
2023-05-22 11:19:44,291 [Worker-42: Building] INFO  o.e.m.c.i.e.AbstractTransferListenerAdapter - Downloaded https://repo.maven.apache.org/maven2/com/google/protobuf/protobuf-parent/3.19.4/protobuf-parent-3.19.4.pom
2023-05-22 11:19:44,327 [Worker-42: Building] INFO  o.e.m.c.i.e.AbstractTransferListenerAdapter - Downloading https://repo.maven.apache.org/maven2/com/google/protobuf/protobuf-bom/3.19.4/protobuf-bom-3.19.4.pom
2023-05-22 11:19:44,389 [Worker-42: Building] INFO  o.e.m.c.i.e.AbstractTransferListenerAdapter - Downloaded https://repo.maven.apache.org/maven2/com/google/protobuf/protobuf-bom/3.19.4/protobuf-bom-3.19.4.pom
2023-05-22 11:19:44,439 [AetherRepositoryConnector-repo.maven.apache.org-0-0] INFO  o.e.m.c.i.e.AbstractTransferListenerAdapter - Downloading https://repo.maven.apache.org/maven2/com/mysql/mysql-connector-j/8.0.31/mysql-connector-j-8.0.31.jar
2023-05-22 11:19:44,519 [AetherRepositoryConnector-repo.maven.apache.org-0-1] INFO  o.e.m.c.i.e.AbstractTransferListenerAdapter - Downloading https://repo.maven.apache.org/maven2/com/google/protobuf/protobuf-java/3.19.4/protobuf-java-3.19.4.jar
2023-05-22 11:19:44,925 [AetherRepositoryConnector-repo.maven.apache.org-0-1] INFO  o.e.m.c.i.e.AbstractTransferListenerAdapter - Downloaded https://repo.maven.apache.org/maven2/com/google/protobuf/protobuf-java/3.19.4/protobuf-java-3.19.4.jar
2023-05-22 11:19:44,938 [AetherRepositoryConnector-repo.maven.apache.org-0-0] INFO  o.e.m.c.i.e.AbstractTransferListenerAdapter - Downloaded https://repo.maven.apache.org/maven2/com/mysql/mysql-connector-j/8.0.31/mysql-connector-j-8.0.31.jar
2023-05-22 11:19:45,201 [Worker-42: Building] INFO  o.e.m.c.i.embedder.EclipseLogger - Using 'UTF-8' encoding to copy filtered resources.
2023-05-22 11:19:45,201 [Worker-42: Building] INFO  o.e.m.c.i.embedder.EclipseLogger - skip non existing resourceDirectory I:\Training\Wiley\resources\java_concepts\jdbcapp\src\main\resources
2023-05-22 11:19:45,207 [Worker-42: Building] INFO  o.e.m.c.i.embedder.EclipseLogger - Using 'UTF-8' encoding to copy filtered resources.
2023-05-22 11:19:45,207 [Worker-42: Building] INFO  o.e.m.c.i.embedder.EclipseLogger - skip non existing resourceDirectory I:\Training\Wiley\resources\java_concepts\jdbcapp\src\test\resources
2023-05-22 11:19:46,327 [Worker-44: Download sources and javadoc] INFO  o.e.m.c.i.e.AbstractTransferListenerAdapter - Downloading https://repo.maven.apache.org/maven2/com/mysql/mysql-connector-j/8.0.31/mysql-connector-j-8.0.31-sources.jar
2023-05-22 11:19:47,409 [Worker-44: Download sources and javadoc] INFO  o.e.m.c.i.e.AbstractTransferListenerAdapter - Downloaded https://repo.maven.apache.org/maven2/com/mysql/mysql-connector-j/8.0.31/mysql-connector-j-8.0.31-sources.jar
2023-05-22 11:19:47,414 [Worker-44: Download sources and javadoc] INFO  o.e.m.j.internal.DownloadSourcesJob - Downloaded sources for com.mysql:mysql-connector-j:8.0.31
2023-05-22 11:19:47,608 [Worker-41: Building] INFO  o.e.m.c.i.embedder.EclipseLogger - Using 'UTF-8' encoding to copy filtered resources.
2023-05-22 11:19:47,608 [Worker-41: Building] INFO  o.e.m.c.i.embedder.EclipseLogger - skip non existing resourceDirectory I:\Training\Wiley\resources\java_concepts\jdbcapp\src\main\resources
2023-05-22 11:19:47,610 [Worker-41: Building] INFO  o.e.m.c.i.embedder.EclipseLogger - Using 'UTF-8' encoding to copy filtered resources.
2023-05-22 11:19:47,611 [Worker-41: Building] INFO  o.e.m.c.i.embedder.EclipseLogger - skip non existing resourceDirectory I:\Training\Wiley\resources\java_concepts\jdbcapp\src\test\resources
2023-05-22 11:19:47,910 [Worker-44: Download sources and javadoc] INFO  o.e.m.c.i.e.AbstractTransferListenerAdapter - Downloading https://repo.maven.apache.org/maven2/com/google/protobuf/protobuf-java/3.19.4/protobuf-java-3.19.4-sources.jar
2023-05-22 11:19:48,580 [Worker-44: Download sources and javadoc] INFO  o.e.m.c.i.e.AbstractTransferListenerAdapter - Downloaded https://repo.maven.apache.org/maven2/com/google/protobuf/protobuf-java/3.19.4/protobuf-java-3.19.4-sources.jar
2023-05-22 11:19:48,584 [Worker-44: Download sources and javadoc] INFO  o.e.m.j.internal.DownloadSourcesJob - Downloaded sources for com.google.protobuf:protobuf-java:3.19.4
2023-05-22 11:19:48,769 [Worker-42: Building] INFO  o.e.m.c.i.embedder.EclipseLogger - Using 'UTF-8' encoding to copy filtered resources.
2023-05-22 11:19:48,769 [Worker-42: Building] INFO  o.e.m.c.i.embedder.EclipseLogger - skip non existing resourceDirectory I:\Training\Wiley\resources\java_concepts\jdbcapp\src\main\resources
2023-05-22 11:19:48,772 [Worker-42: Building] INFO  o.e.m.c.i.embedder.EclipseLogger - Using 'UTF-8' encoding to copy filtered resources.
2023-05-22 11:19:48,772 [Worker-42: Building] INFO  o.e.m.c.i.embedder.EclipseLogger - skip non existing resourceDirectory I:\Training\Wiley\resources\java_concepts\jdbcapp\src\test\resources
2023-05-22 11:21:55,962 [Worker-45: Building] INFO  o.e.m.c.i.l.LifecycleMappingFactory - Using org.eclipse.m2e.jdt.JarLifecycleMapping lifecycle mapping for MavenProject: com.wiley:jdbcapp:0.0.1-SNAPSHOT @ I:\Training\Wiley\resources\java_concepts\jdbcapp\pom.xml.
2023-05-22 11:21:56,219 [Worker-45: Building] INFO  o.e.m.c.i.embedder.EclipseLogger - Using 'UTF-8' encoding to copy filtered resources.
2023-05-22 11:21:56,220 [Worker-45: Building] INFO  o.e.m.c.i.embedder.EclipseLogger - skip non existing resourceDirectory I:\Training\Wiley\resources\java_concepts\jdbcapp\src\main\resources
2023-05-22 11:21:56,224 [Worker-45: Building] INFO  o.e.m.c.i.embedder.EclipseLogger - Using 'UTF-8' encoding to copy filtered resources.
2023-05-22 11:21:56,225 [Worker-45: Building] INFO  o.e.m.c.i.embedder.EclipseLogger - skip non existing resourceDirectory I:\Training\Wiley\resources\java_concepts\jdbcapp\src\test\resources
2023-05-22 11:54:50,704 [Worker-57: Building] INFO  o.e.m.c.i.embedder.EclipseLogger - Using 'UTF-8' encoding to copy filtered resources.
2023-05-22 11:54:50,705 [Worker-57: Building] INFO  o.e.m.c.i.embedder.EclipseLogger - skip non existing resourceDirectory I:\Training\Wiley\resources\java_concepts\jdbcapp\src\main\resources
2023-05-22 11:54:50,706 [Worker-57: Building] INFO  o.e.m.c.i.embedder.EclipseLogger - Using 'UTF-8' encoding to copy filtered resources.
2023-05-22 11:54:50,707 [Worker-57: Building] INFO  o.e.m.c.i.embedder.EclipseLogger - skip non existing resourceDirectory I:\Training\Wiley\resources\java_concepts\jdbcapp\src\test\resources
2023-05-22 11:57:33,649 [Worker-59: Building] INFO  o.e.m.c.i.embedder.EclipseLogger - Using 'UTF-8' encoding to copy filtered resources.
2023-05-22 11:57:33,650 [Worker-59: Building] INFO  o.e.m.c.i.embedder.EclipseLogger - skip non existing resourceDirectory I:\Training\Wiley\resources\java_concepts\jdbcapp\src\main\resources
2023-05-22 11:57:33,652 [Worker-59: Building] INFO  o.e.m.c.i.embedder.EclipseLogger - Using 'UTF-8' encoding to copy filtered resources.
2023-05-22 11:57:33,652 [Worker-59: Building] INFO  o.e.m.c.i.embedder.EclipseLogger - skip non existing resourceDirectory I:\Training\Wiley\resources\java_concepts\jdbcapp\src\test\resources
2023-05-22 11:59:13,950 [Worker-43: Building] INFO  o.e.m.c.i.embedder.EclipseLogger - Using 'UTF-8' encoding to copy filtered resources.
2023-05-22 11:59:13,951 [Worker-43: Building] INFO  o.e.m.c.i.embedder.EclipseLogger - skip non existing resourceDirectory I:\Training\Wiley\resources\java_concepts\jdbcapp\src\main\resources
2023-05-22 11:59:13,953 [Worker-43: Building] INFO  o.e.m.c.i.embedder.EclipseLogger - Using 'UTF-8' encoding to copy filtered resources.
2023-05-22 11:59:13,953 [Worker-43: Building] INFO  o.e.m.c.i.embedder.EclipseLogger - skip non existing resourceDirectory I:\Training\Wiley\resources\java_concepts\jdbcapp\src\test\resources
2023-05-22 12:00:35,924 [Worker-43: Building] INFO  o.e.m.c.i.embedder.EclipseLogger - Using 'UTF-8' encoding to copy filtered resources.
2023-05-22 12:00:35,924 [Worker-43: Building] INFO  o.e.m.c.i.embedder.EclipseLogger - skip non existing resourceDirectory I:\Training\Wiley\resources\java_concepts\jdbcapp\src\main\resources
2023-05-22 12:00:35,926 [Worker-43: Building] INFO  o.e.m.c.i.embedder.EclipseLogger - Using 'UTF-8' encoding to copy filtered resources.
2023-05-22 12:00:35,926 [Worker-43: Building] INFO  o.e.m.c.i.embedder.EclipseLogger - skip non existing resourceDirectory I:\Training\Wiley\resources\java_concepts\jdbcapp\src\test\resources
2023-05-22 12:01:05,418 [Worker-60: Building] INFO  o.e.m.c.i.l.LifecycleMappingFactory - Using org.eclipse.m2e.jdt.JarLifecycleMapping lifecycle mapping for MavenProject: com.wiley:jdbcapp:0.0.1-SNAPSHOT @ I:\Training\Wiley\resources\java_concepts\jdbcapp\pom.xml.
2023-05-22 12:01:05,680 [Worker-60: Building] INFO  o.e.m.c.i.embedder.EclipseLogger - Using 'UTF-8' encoding to copy filtered resources.
2023-05-22 12:01:05,680 [Worker-60: Building] INFO  o.e.m.c.i.embedder.EclipseLogger - skip non existing resourceDirectory I:\Training\Wiley\resources\java_concepts\jdbcapp\src\main\resources
2023-05-22 12:01:05,683 [Worker-60: Building] INFO  o.e.m.c.i.embedder.EclipseLogger - Using 'UTF-8' encoding to copy filtered resources.
2023-05-22 12:01:05,683 [Worker-60: Building] INFO  o.e.m.c.i.embedder.EclipseLogger - skip non existing resourceDirectory I:\Training\Wiley\resources\java_concepts\jdbcapp\src\test\resources
2023-05-22 12:01:46,413 [Worker-57: Building] INFO  o.e.m.c.i.l.LifecycleMappingFactory - Using org.eclipse.m2e.jdt.JarLifecycleMapping lifecycle mapping for MavenProject: com.wiley:jdbcapp:0.0.1-SNAPSHOT @ I:\Training\Wiley\resources\java_concepts\jdbcapp\pom.xml.
2023-05-22 12:01:46,636 [Worker-57: Building] INFO  o.e.m.c.i.embedder.EclipseLogger - Using 'UTF-8' encoding to copy filtered resources.
2023-05-22 12:01:46,636 [Worker-57: Building] INFO  o.e.m.c.i.embedder.EclipseLogger - skip non existing resourceDirectory I:\Training\Wiley\resources\java_concepts\jdbcapp\src\main\resources
2023-05-22 12:01:46,640 [Worker-57: Building] INFO  o.e.m.c.i.embedder.EclipseLogger - Using 'UTF-8' encoding to copy filtered resources.
2023-05-22 12:01:46,641 [Worker-57: Building] INFO  o.e.m.c.i.embedder.EclipseLogger - skip non existing resourceDirectory I:\Training\Wiley\resources\java_concepts\jdbcapp\src\test\resources
2023-05-22 12:01:49,794 [Worker-58: Building] INFO  o.e.m.c.i.l.LifecycleMappingFactory - Using org.eclipse.m2e.jdt.JarLifecycleMapping lifecycle mapping for MavenProject: com.wiley:jdbcapp:0.0.1-SNAPSHOT @ I:\Training\Wiley\resources\java_concepts\jdbcapp\pom.xml.
2023-05-22 12:01:50,030 [Worker-58: Building] INFO  o.e.m.c.i.embedder.EclipseLogger - Using 'UTF-8' encoding to copy filtered resources.
2023-05-22 12:01:50,030 [Worker-58: Building] INFO  o.e.m.c.i.embedder.EclipseLogger - skip non existing resourceDirectory I:\Training\Wiley\resources\java_concepts\jdbcapp\src\main\resources
2023-05-22 12:01:50,035 [Worker-58: Building] INFO  o.e.m.c.i.embedder.EclipseLogger - Using 'UTF-8' encoding to copy filtered resources.
2023-05-22 12:01:50,035 [Worker-58: Building] INFO  o.e.m.c.i.embedder.EclipseLogger - skip non existing resourceDirectory I:\Training\Wiley\resources\java_concepts\jdbcapp\src\test\resources
2023-05-22 12:01:57,346 [Worker-60: Building] INFO  o.e.m.c.i.l.LifecycleMappingFactory - Using org.eclipse.m2e.jdt.JarLifecycleMapping lifecycle mapping for MavenProject: com.wiley:jdbcapp:0.0.1-SNAPSHOT @ I:\Training\Wiley\resources\java_concepts\jdbcapp\pom.xml.
2023-05-22 12:01:57,567 [Worker-60: Building] INFO  o.e.m.c.i.embedder.EclipseLogger - Using 'UTF-8' encoding to copy filtered resources.
2023-05-22 12:01:57,567 [Worker-60: Building] INFO  o.e.m.c.i.embedder.EclipseLogger - skip non existing resourceDirectory I:\Training\Wiley\resources\java_concepts\jdbcapp\src\main\resources
2023-05-22 12:01:57,569 [Worker-60: Building] INFO  o.e.m.c.i.embedder.EclipseLogger - Using 'UTF-8' encoding to copy filtered resources.
2023-05-22 12:01:57,570 [Worker-60: Building] INFO  o.e.m.c.i.embedder.EclipseLogger - skip non existing resourceDirectory I:\Training\Wiley\resources\java_concepts\jdbcapp\src\test\resources
2023-05-22 12:02:03,771 [Worker-57: Building] INFO  o.e.m.c.i.l.LifecycleMappingFactory - Using org.eclipse.m2e.jdt.JarLifecycleMapping lifecycle mapping for MavenProject: com.wiley:jdbcapp:0.0.1-SNAPSHOT @ I:\Training\Wiley\resources\java_concepts\jdbcapp\pom.xml.
2023-05-22 12:02:04,051 [Worker-57: Building] INFO  o.e.m.c.i.embedder.EclipseLogger - Using 'UTF-8' encoding to copy filtered resources.
2023-05-22 12:02:04,052 [Worker-57: Building] INFO  o.e.m.c.i.embedder.EclipseLogger - skip non existing resourceDirectory I:\Training\Wiley\resources\java_concepts\jdbcapp\src\main\resources
2023-05-22 12:02:04,059 [Worker-57: Building] INFO  o.e.m.c.i.embedder.EclipseLogger - Using 'UTF-8' encoding to copy filtered resources.
2023-05-22 12:02:04,060 [Worker-57: Building] INFO  o.e.m.c.i.embedder.EclipseLogger - skip non existing resourceDirectory I:\Training\Wiley\resources\java_concepts\jdbcapp\src\test\resources
2023-05-22 12:02:35,690 [Worker-60: Building] INFO  o.e.m.c.i.embedder.EclipseLogger - Using 'UTF-8' encoding to copy filtered resources.
2023-05-22 12:02:35,690 [Worker-60: Building] INFO  o.e.m.c.i.embedder.EclipseLogger - skip non existing resourceDirectory I:\Training\Wiley\resources\java_concepts\jdbcapp\src\main\resources
2023-05-22 12:02:35,692 [Worker-60: Building] INFO  o.e.m.c.i.embedder.EclipseLogger - Using 'UTF-8' encoding to copy filtered resources.
2023-05-22 12:02:35,692 [Worker-60: Building] INFO  o.e.m.c.i.embedder.EclipseLogger - skip non existing resourceDirectory I:\Training\Wiley\resources\java_concepts\jdbcapp\src\test\resources
2023-05-22 12:02:39,969 [Worker-43: Building] INFO  o.e.m.c.i.embedder.EclipseLogger - Using 'UTF-8' encoding to copy filtered resources.
2023-05-22 12:02:39,970 [Worker-43: Building] INFO  o.e.m.c.i.embedder.EclipseLogger - skip non existing resourceDirectory I:\Training\Wiley\resources\java_concepts\jdbcapp\src\main\resources
2023-05-22 12:02:39,971 [Worker-43: Building] INFO  o.e.m.c.i.embedder.EclipseLogger - Using 'UTF-8' encoding to copy filtered resources.
2023-05-22 12:02:39,972 [Worker-43: Building] INFO  o.e.m.c.i.embedder.EclipseLogger - skip non existing resourceDirectory I:\Training\Wiley\resources\java_concepts\jdbcapp\src\test\resources
2023-05-22 12:02:47,661 [Worker-61: Building] INFO  o.e.m.c.i.l.LifecycleMappingFactory - Using org.eclipse.m2e.jdt.JarLifecycleMapping lifecycle mapping for MavenProject: com.wiley:jdbcapp:0.0.1-SNAPSHOT @ I:\Training\Wiley\resources\java_concepts\jdbcapp\pom.xml.
2023-05-22 12:02:47,883 [Worker-61: Building] INFO  o.e.m.c.i.embedder.EclipseLogger - Using 'UTF-8' encoding to copy filtered resources.
2023-05-22 12:02:47,883 [Worker-61: Building] INFO  o.e.m.c.i.embedder.EclipseLogger - skip non existing resourceDirectory I:\Training\Wiley\resources\java_concepts\jdbcapp\src\main\resources
2023-05-22 12:02:47,885 [Worker-61: Building] INFO  o.e.m.c.i.embedder.EclipseLogger - Using 'UTF-8' encoding to copy filtered resources.
2023-05-22 12:02:47,888 [Worker-61: Building] INFO  o.e.m.c.i.embedder.EclipseLogger - skip non existing resourceDirectory I:\Training\Wiley\resources\java_concepts\jdbcapp\src\test\resources
2023-05-22 12:03:01,656 [Worker-58: Building] INFO  o.e.m.c.i.l.LifecycleMappingFactory - Using org.eclipse.m2e.jdt.JarLifecycleMapping lifecycle mapping for MavenProject: com.wiley:jdbcapp:0.0.1-SNAPSHOT @ I:\Training\Wiley\resources\java_concepts\jdbcapp\pom.xml.
2023-05-22 12:03:01,897 [Worker-58: Building] INFO  o.e.m.c.i.embedder.EclipseLogger - Using 'UTF-8' encoding to copy filtered resources.
2023-05-22 12:03:01,897 [Worker-58: Building] INFO  o.e.m.c.i.embedder.EclipseLogger - skip non existing resourceDirectory I:\Training\Wiley\resources\java_concepts\jdbcapp\src\main\resources
2023-05-22 12:03:01,899 [Worker-58: Building] INFO  o.e.m.c.i.embedder.EclipseLogger - Using 'UTF-8' encoding to copy filtered resources.
2023-05-22 12:03:01,900 [Worker-58: Building] INFO  o.e.m.c.i.embedder.EclipseLogger - skip non existing resourceDirectory I:\Training\Wiley\resources\java_concepts\jdbcapp\src\test\resources
2023-05-22 12:03:03,631 [Worker-60: Building] INFO  o.e.m.c.i.embedder.EclipseLogger - Using 'UTF-8' encoding to copy filtered resources.
2023-05-22 12:03:03,631 [Worker-60: Building] INFO  o.e.m.c.i.embedder.EclipseLogger - skip non existing resourceDirectory I:\Training\Wiley\resources\java_concepts\jdbcapp\src\main\resources
2023-05-22 12:03:03,633 [Worker-60: Building] INFO  o.e.m.c.i.embedder.EclipseLogger - Using 'UTF-8' encoding to copy filtered resources.
2023-05-22 12:03:03,633 [Worker-60: Building] INFO  o.e.m.c.i.embedder.EclipseLogger - skip non existing resourceDirectory I:\Training\Wiley\resources\java_concepts\jdbcapp\src\test\resources
2023-05-22 12:03:06,875 [Worker-61: Building] INFO  o.e.m.c.i.l.LifecycleMappingFactory - Using org.eclipse.m2e.jdt.JarLifecycleMapping lifecycle mapping for MavenProject: com.wiley:jdbcapp:0.0.1-SNAPSHOT @ I:\Training\Wiley\resources\java_concepts\jdbcapp\pom.xml.
2023-05-22 12:03:07,063 [Worker-61: Building] INFO  o.e.m.c.i.embedder.EclipseLogger - Using 'UTF-8' encoding to copy filtered resources.
2023-05-22 12:03:07,063 [Worker-61: Building] INFO  o.e.m.c.i.embedder.EclipseLogger - skip non existing resourceDirectory I:\Training\Wiley\resources\java_concepts\jdbcapp\src\main\resources
2023-05-22 12:03:07,066 [Worker-61: Building] INFO  o.e.m.c.i.embedder.EclipseLogger - Using 'UTF-8' encoding to copy filtered resources.
2023-05-22 12:03:07,066 [Worker-61: Building] INFO  o.e.m.c.i.embedder.EclipseLogger - skip non existing resourceDirectory I:\Training\Wiley\resources\java_concepts\jdbcapp\src\test\resources
2023-05-22 12:03:38,332 [Worker-57: Building] INFO  o.e.m.c.i.l.LifecycleMappingFactory - Using org.eclipse.m2e.jdt.JarLifecycleMapping lifecycle mapping for MavenProject: com.wiley:jdbcapp:0.0.1-SNAPSHOT @ I:\Training\Wiley\resources\java_concepts\jdbcapp\pom.xml.
2023-05-22 12:03:39,170 [Worker-57: Building] INFO  o.e.m.c.i.embedder.EclipseLogger - Using 'UTF-8' encoding to copy filtered resources.
2023-05-22 12:03:39,171 [Worker-57: Building] INFO  o.e.m.c.i.embedder.EclipseLogger - skip non existing resourceDirectory I:\Training\Wiley\resources\java_concepts\jdbcapp\src\main\resources
2023-05-22 12:03:39,173 [Worker-57: Building] INFO  o.e.m.c.i.embedder.EclipseLogger - Using 'UTF-8' encoding to copy filtered resources.
2023-05-22 12:03:39,173 [Worker-57: Building] INFO  o.e.m.c.i.embedder.EclipseLogger - skip non existing resourceDirectory I:\Training\Wiley\resources\java_concepts\jdbcapp\src\test\resources
2023-05-22 12:03:42,270 [Worker-58: Building] INFO  o.e.m.c.i.l.LifecycleMappingFactory - Using org.eclipse.m2e.jdt.JarLifecycleMapping lifecycle mapping for MavenProject: com.wiley:jdbcapp:0.0.1-SNAPSHOT @ I:\Training\Wiley\resources\java_concepts\jdbcapp\pom.xml.
2023-05-22 12:03:42,621 [Worker-58: Building] INFO  o.e.m.c.i.embedder.EclipseLogger - Using 'UTF-8' encoding to copy filtered resources.
2023-05-22 12:03:42,622 [Worker-58: Building] INFO  o.e.m.c.i.embedder.EclipseLogger - skip non existing resourceDirectory I:\Training\Wiley\resources\java_concepts\jdbcapp\src\main\resources
2023-05-22 12:03:42,773 [Worker-58: Building] INFO  o.e.m.c.i.embedder.EclipseLogger - Using 'UTF-8' encoding to copy filtered resources.
2023-05-22 12:03:42,774 [Worker-58: Building] INFO  o.e.m.c.i.embedder.EclipseLogger - skip non existing resourceDirectory I:\Training\Wiley\resources\java_concepts\jdbcapp\src\test\resources
2023-05-22 12:03:55,081 [Worker-43: Building] INFO  o.e.m.c.i.l.LifecycleMappingFactory - Using org.eclipse.m2e.jdt.JarLifecycleMapping lifecycle mapping for MavenProject: com.wiley:jdbcapp:0.0.1-SNAPSHOT @ I:\Training\Wiley\resources\java_concepts\jdbcapp\pom.xml.
2023-05-22 12:03:55,269 [Worker-43: Building] WARN  o.e.m.c.i.embedder.EclipseLogger - Using platform encoding (Cp1252 actually) to copy filtered resources, i.e. build is platform dependent!
2023-05-22 12:03:55,271 [Worker-43: Building] INFO  o.e.m.c.i.embedder.EclipseLogger - skip non existing resourceDirectory I:\Training\Wiley\resources\java_concepts\jdbcapp\src\main\resources
2023-05-22 12:03:55,273 [Worker-43: Building] WARN  o.e.m.c.i.embedder.EclipseLogger - Using platform encoding (Cp1252 actually) to copy filtered resources, i.e. build is platform dependent!
2023-05-22 12:03:55,274 [Worker-43: Building] INFO  o.e.m.c.i.embedder.EclipseLogger - skip non existing resourceDirectory I:\Training\Wiley\resources\java_concepts\jdbcapp\src\test\resources
2023-05-22 12:03:59,422 [Worker-59: Building] INFO  o.e.m.c.i.l.LifecycleMappingFactory - Using org.eclipse.m2e.jdt.JarLifecycleMapping lifecycle mapping for MavenProject: com.wiley:jdbcapp:0.0.1-SNAPSHOT @ I:\Training\Wiley\resources\java_concepts\jdbcapp\pom.xml.
2023-05-22 12:03:59,596 [Worker-59: Building] INFO  o.e.m.c.i.embedder.EclipseLogger - Using 'UTF-8' encoding to copy filtered resources.
2023-05-22 12:03:59,597 [Worker-59: Building] INFO  o.e.m.c.i.embedder.EclipseLogger - skip non existing resourceDirectory I:\Training\Wiley\resources\java_concepts\jdbcapp\src\main\resources
2023-05-22 12:03:59,599 [Worker-59: Building] INFO  o.e.m.c.i.embedder.EclipseLogger - Using 'UTF-8' encoding to copy filtered resources.
2023-05-22 12:03:59,600 [Worker-59: Building] INFO  o.e.m.c.i.embedder.EclipseLogger - skip non existing resourceDirectory I:\Training\Wiley\resources\java_concepts\jdbcapp\src\test\resources
2023-05-22 12:04:28,193 [Worker-43: Building] INFO  o.e.m.c.i.embedder.EclipseLogger - Using 'UTF-8' encoding to copy filtered resources.
2023-05-22 12:04:28,194 [Worker-43: Building] INFO  o.e.m.c.i.embedder.EclipseLogger - skip non existing resourceDirectory I:\Training\Wiley\resources\java_concepts\jdbcapp\src\main\resources
2023-05-22 12:04:28,197 [Worker-43: Building] INFO  o.e.m.c.i.embedder.EclipseLogger - Using 'UTF-8' encoding to copy filtered resources.
2023-05-22 12:04:28,200 [Worker-43: Building] INFO  o.e.m.c.i.embedder.EclipseLogger - skip non existing resourceDirectory I:\Training\Wiley\resources\java_concepts\jdbcapp\src\test\resources
2023-05-22 12:18:25,461 [Worker-63: Building] INFO  o.e.m.c.i.l.LifecycleMappingFactory - Using org.eclipse.m2e.jdt.JarLifecycleMapping lifecycle mapping for MavenProject: com.wiley:jdbcapp:0.0.1-SNAPSHOT @ I:\Training\Wiley\resources\java_concepts\jdbcapp\pom.xml.
2023-05-22 12:18:25,710 [Worker-63: Building] INFO  o.e.m.c.i.embedder.EclipseLogger - Using 'UTF-8' encoding to copy filtered resources.
2023-05-22 12:18:25,710 [Worker-63: Building] INFO  o.e.m.c.i.embedder.EclipseLogger - skip non existing resourceDirectory I:\Training\Wiley\resources\java_concepts\jdbcapp\src\main\resources
2023-05-22 12:18:25,713 [Worker-63: Building] INFO  o.e.m.c.i.embedder.EclipseLogger - Using 'UTF-8' encoding to copy filtered resources.
2023-05-22 12:18:25,713 [Worker-63: Building] INFO  o.e.m.c.i.embedder.EclipseLogger - skip non existing resourceDirectory I:\Training\Wiley\resources\java_concepts\jdbcapp\src\test\resources
2023-05-22 12:18:27,412 [Worker-63: Building] INFO  o.e.m.c.i.embedder.EclipseLogger - Using 'UTF-8' encoding to copy filtered resources.
2023-05-22 12:18:27,413 [Worker-63: Building] INFO  o.e.m.c.i.embedder.EclipseLogger - skip non existing resourceDirectory I:\Training\Wiley\resources\java_concepts\jdbcapp\src\main\resources
2023-05-22 12:18:27,415 [Worker-63: Building] INFO  o.e.m.c.i.embedder.EclipseLogger - Using 'UTF-8' encoding to copy filtered resources.
2023-05-22 12:18:27,415 [Worker-63: Building] INFO  o.e.m.c.i.embedder.EclipseLogger - skip non existing resourceDirectory I:\Training\Wiley\resources\java_concepts\jdbcapp\src\test\resources
2023-05-22 12:18:43,233 [Worker-65: Building] INFO  o.e.m.c.i.l.LifecycleMappingFactory - Using org.eclipse.m2e.jdt.JarLifecycleMapping lifecycle mapping for MavenProject: com.wiley:jdbcapp:0.0.1-SNAPSHOT @ I:\Training\Wiley\resources\java_concepts\jdbcapp\pom.xml.
2023-05-22 12:18:43,410 [Worker-65: Building] INFO  o.e.m.c.i.embedder.EclipseLogger - Using 'UTF-8' encoding to copy filtered resources.
2023-05-22 12:18:43,410 [Worker-65: Building] INFO  o.e.m.c.i.embedder.EclipseLogger - skip non existing resourceDirectory I:\Training\Wiley\resources\java_concepts\jdbcapp\src\main\resources
2023-05-22 12:18:43,413 [Worker-65: Building] INFO  o.e.m.c.i.embedder.EclipseLogger - Using 'UTF-8' encoding to copy filtered resources.
2023-05-22 12:18:43,413 [Worker-65: Building] INFO  o.e.m.c.i.embedder.EclipseLogger - skip non existing resourceDirectory I:\Training\Wiley\resources\java_concepts\jdbcapp\src\test\resources
